-------------------------------------------------------------------------------
Test set: Calculator Tests
-------------------------------------------------------------------------------
Tests run: 2, Failures: 0, Errors: 2, Skipped: 0, Time elapsed: 0.229 s <<< FAILURE! - in Calculator Tests
Calculator Tests.Test Adding  Time elapsed: 0.21 s  <<< ERROR!
io.cucumber.junit.UndefinedStepException: 
The step 'User is on calculator page' and 4 other step(s) are undefined.
You can implement these steps using the snippet(s) below:

@Given("User is on calculator page")
public void user_is_on_calculator_page() {
    // Write code here that turns the phrase above into concrete actions
    throw new io.cucumber.java.PendingException();
}
@When("User clicks {string} on calculator")
public void user_clicks_on_calculator(String string) {
    // Write code here that turns the phrase above into concrete actions
    throw new io.cucumber.java.PendingException();
}
@Then("result {string} should be displayed")
public void result_should_be_displayed(String string) {
    // Write code here that turns the phrase above into concrete actions
    throw new io.cucumber.java.PendingException();
}


Calculator Tests.Test Subtracting  Time elapsed: 0.018 s  <<< ERROR!
io.cucumber.junit.UndefinedStepException: 
The step 'User is on calculator page' and 4 other step(s) are undefined.
You can implement these steps using the snippet(s) below:

@Given("User is on calculator page")
public void user_is_on_calculator_page() {
    // Write code here that turns the phrase above into concrete actions
    throw new io.cucumber.java.PendingException();
}
@When("User clicks {string} on calculator")
public void user_clicks_on_calculator(String string) {
    // Write code here that turns the phrase above into concrete actions
    throw new io.cucumber.java.PendingException();
}
@Then("result {string} should be displayed")
public void result_should_be_displayed(String string) {
    // Write code here that turns the phrase above into concrete actions
    throw new io.cucumber.java.PendingException();
}


